INFO|->|| -|-|- info=Logger Initiated;
INFO|Broker->set_broker_object|| -|-|- status=Called;args=();broker_name=ZERODHA;current_datetime=2022-02-14 16:03:35.108986;kite_api_key=5ytarhiur9g1jebq;kite_access_token=aIryymVBhE5ewS76nEsz60aVF8UM0Q7Q;kotak_access_code=2825;kotak_consumer_secret=PGLsaajJLkpKLFXNO6pXrjCr_6Qa;kotak_access_token=d2c0a033-86d3-3b66-9b94-7241b0078fef;kotak_user_id=HG11011990;kotak_user_password=KSSh@r3d;kotak_consumer_key=ug1QtNucZF4WLSinsfGfQ0sgjoYa;underlying_name=NIFTY;historical_data_folder_name=historical data;fno_folder_name=FNO;equity_folder_name=Equity;exchange_connection_loss=None;
INFO|Broker->set_broker_object|| -|-|- result=True;status=End;execution_time=1793.549;
INFO|Broker->set_parameters|| -|-|- result=None;status=End;execution_time=1793.97825;
INFO|Data_guy->set_parameters|| -|-|- status=Called;args=();broker=<broker_module.Broker object at 0x132e7d9f0>;trader=<algo_module.Trader object at 0x132e7ea10>;underlying_name=NIFTY;current_datetime=2022-02-14 16:03:35.108986;candle_length=5;events_and_actions=<algo_module.Events_and_actions object at 0x132e7dc90>;
INFO|Broker->get_next_expiry_datetime||2022-02-14 | 16:03:35.108986 |status=Called;args=('NIFTY',);
INFO|Broker->get_next_expiry_datetime||2022-02-14 | 16:03:35.108986 |result=2022-02-17 15:30:00;status=End;execution_time=8.512417;
INFO|->||2022-02-14 | 16:03:35.108986 |info=Data Guy Initiated;
INFO|Data_guy->set_parameters||2022-02-14 | 16:03:35.108986 |result=None;status=End;execution_time=8.931333;
INFO|Events_and_actions->set_parameters||2022-02-14 | 16:03:35.108986 |status=Called;args=();data_guy=<algo_module.Data_guy object at 0x132e7dba0>;begin_time=12:00:00;close_time=15:07:00;total_loss_limit=-1500;trade_quantity=50;trailing_loss_trigger=1500;max_trailing_loss_non_expiry=-250;max_trailing_loss_expiry=-200;non_expiry_day_no_candle_time=14:30:00;expiry_day_no_candle_time=13:00:00;trader=<algo_module.Trader object at 0x132e7ea10>;
INFO|Events_and_actions->set_parameters||2022-02-14 | 16:03:35.108986 |result=None;status=End;execution_time=0.090708;
INFO|Trader->set_parameters||2022-02-14 | 16:03:35.108986 |status=Called;args=();broker=<broker_module.Broker object at 0x132e7d9f0>;per_trade_fee=-20;data_guy=<algo_module.Data_guy object at 0x132e7dba0>;events_and_actions=<algo_module.Events_and_actions object at 0x132e7dc90>;
INFO|Trader->set_parameters||2022-02-14 | 16:03:35.108986 |result=None;status=End;execution_time=0.1045;
INFO|Broker->get_pnl||2022-02-14 | 16:03:35.108986 |status=Called;args=();initiation_time=957254.632852125;current_datetime=2022-02-14 16:05:22.395387;
INFO|Broker->get_pnl||2022-02-14 | 16:03:35.108986 |result=0;status=End;execution_time=102.672459;
INFO|Broker->get_fno_instrument_id||2022-02-14 | 16:03:35.108986 |status=Called;args=();broker_for=trade;strike=17500;underlying=NIFTY;call_put=CE;expiry_datetime=2022-02-17 15:30:00;
INFO|Broker->get_fno_instrument_id||2022-02-14 | 16:03:35.108986 |result=NIFTY2221717500CE;status=End;execution_time=15.728417;
INFO|Broker->get_fno_instrument_id||2022-02-14 | 16:03:35.108986 |status=Called;args=();broker_for=trade;strike=17500;underlying=NIFTY;call_put=CE;expiry_datetime=2022-02-17 15:30:00;
INFO|Broker->get_fno_instrument_id||2022-02-14 | 16:03:35.108986 |result=NIFTY2221717500CE;status=End;execution_time=14.586209;
INFO|Broker->place_market_order||2022-02-14 | 16:03:35.108986 |status=Called;args=();instrument_id=NIFTY2221717500CE;buy_sell=buy;quantity=50;current_datetime=2022-02-14 16:09:35.812009;initiation_time=957508.074039916;
INFO|Broker->place_market_order||2022-02-14 | 16:03:35.108986 |status=Exception;e=Markets are closed right now. Use GTT for placing long standing orders instead. [Read more.](https://support.zerodha.com/category/trading-and-markets/gtt/articles/what-is-the-good-till-triggered-gtt-feature);
INFO|Broker->get_fno_instrument_id||2022-02-14 | 16:03:35.108986 |status=Called;args=();broker_for=trade;strike=17500;underlying=NIFTY;call_put=CE;expiry_datetime=2022-02-17 15:30:00;
INFO|Broker->get_fno_instrument_id||2022-02-14 | 16:03:35.108986 |result=NIFTY2221717500CE;status=End;execution_time=12.797334;
INFO|Broker->place_market_order||2022-02-14 | 16:03:35.108986 |status=Called;args=();instrument_id=NIFTY2221717500CE;buy_sell=buy;quantity=50;current_datetime=2022-02-14 16:10:10.528427;initiation_time=957542.791973583;
INFO|Broker->place_market_order||2022-02-14 | 16:03:35.108986 |status=Exception;e=Markets are closed right now. Use GTT for placing long standing orders instead. [Read more.](https://support.zerodha.com/category/trading-and-markets/gtt/articles/what-is-the-good-till-triggered-gtt-feature);
INFO|Broker->get_fno_instrument_id||2022-02-14 | 16:03:35.108986 |status=Called;args=();broker_for=trade;strike=17500;underlying=NIFTY;call_put=CE;expiry_datetime=2022-02-17 15:30:00;
INFO|Broker->get_fno_instrument_id||2022-02-14 | 16:03:35.108986 |result=NIFTY2221717500CE;status=End;execution_time=16.555916;
INFO|Broker->place_market_order||2022-02-14 | 16:03:35.108986 |status=Called;args=();instrument_id=NIFTY2221717500CE;buy_sell=buy;quantity=50;current_datetime=2022-02-14 16:10:57.168658;initiation_time=957589.434223666;
INFO|Broker->place_market_order||2022-02-14 | 16:03:35.108986 |status=Exception;e=HTTPSConnectionPool(host='api.kite.trade', port=443): Max retries exceeded with url: /orders/regular (Caused by NewConnectionError('<urllib3.connection.HTTPSConnection object at 0x132e7c580>: Failed to establish a new connection: [Errno 8] nodename nor servname provided, or not known'));
INFO|Broker->get_fno_instrument_id||2022-02-14 | 16:03:35.108986 |status=Called;args=();broker_for=trade;strike=17500;underlying=NIFTY;call_put=CE;expiry_datetime=2022-02-17 15:30:00;
INFO|Broker->get_fno_instrument_id||2022-02-14 | 16:03:35.108986 |result=NIFTY2221717500CE;status=End;execution_time=12.448792;
INFO|Broker->place_market_order||2022-02-14 | 16:03:35.108986 |status=Called;args=();instrument_id=NIFTY2221717500CE;buy_sell=buy;quantity=50;current_datetime=2022-02-14 16:11:22.725855;initiation_time=957614.992530666;
INFO|Broker->place_market_order||2022-02-14 | 16:03:35.108986 |status=Exception;e=Markets are closed right now. Use GTT for placing long standing orders instead. [Read more.](https://support.zerodha.com/category/trading-and-markets/gtt/articles/what-is-the-good-till-triggered-gtt-feature);
INFO|Broker->get_fno_instrument_id||2022-02-14 | 16:03:35.108986 |status=Called;args=();broker_for=trade;strike=17500;underlying=NIFTY;call_put=CE;expiry_datetime=2022-02-17 15:30:00;
INFO|Broker->get_fno_instrument_id||2022-02-14 | 16:03:35.108986 |result=NIFTY2221717500CE;status=End;execution_time=14.806;
INFO|Broker->cancel_order||2022-02-14 | 16:03:35.108986 |status=Called;args=();broker_order_id=NIFTY2221717500CE;current_datetime=2022-02-14 16:13:47.984939;
INFO|Broker->cancel_order||2022-02-14 | 16:03:35.108986 |status=Exception;e=Couldn't find that `order_id`.;
INFO|Broker->get_fno_instrument_id||2022-02-14 | 16:03:35.108986 |status=Called;args=();broker_for=trade;strike=17500;underlying=NIFTY;call_put=CE;expiry_datetime=2022-02-17 15:30:00;
INFO|Broker->get_fno_instrument_id||2022-02-14 | 16:03:35.108986 |result=NIFTY2221717500CE;status=End;execution_time=14.192625;
INFO|Broker->cancel_order||2022-02-14 | 16:03:35.108986 |status=Called;args=();broker_order_id=NIFTY2221717500CE;current_datetime=2022-02-14 16:14:09.259108;
INFO|Broker->cancel_order||2022-02-14 | 16:03:35.108986 |status=Exception;e=HTTPSConnectionPool(host='api.kite.trade', port=443): Max retries exceeded with url: /orders/regular/NIFTY2221717500CE (Caused by NewConnectionError('<urllib3.connection.HTTPSConnection object at 0x132e7ee60>: Failed to establish a new connection: [Errno 8] nodename nor servname provided, or not known'));
INFO|Broker->get_fno_instrument_id||2022-02-14 | 16:03:35.108986 |status=Called;args=();broker_for=trade;strike=17500;underlying=NIFTY;call_put=CE;expiry_datetime=2022-02-17 15:30:00;
INFO|Broker->get_fno_instrument_id||2022-02-14 | 16:03:35.108986 |result=NIFTY2221717500CE;status=End;execution_time=14.383292;
INFO|Broker->cancel_order||2022-02-14 | 16:03:35.108986 |status=Called;args=();broker_order_id=NIFTY2221717500CE;current_datetime=2022-02-14 16:14:51.905027;
INFO|Broker->cancel_order||2022-02-14 | 16:03:35.108986 |status=Exception;e=Couldn't find that `order_id`.;
INFO|Broker->get_fno_instrument_id||2022-02-14 | 16:03:35.108986 |status=Called;args=();broker_for=trade;strike=17500;underlying=NIFTY;call_put=CE;expiry_datetime=2022-02-17 15:30:00;
INFO|Broker->get_fno_instrument_id||2022-02-14 | 16:03:35.108986 |result=NIFTY2221717500CE;status=End;execution_time=15.270458;
INFO|Broker->place_market_order||2022-02-14 | 16:03:35.108986 |status=Called;args=();instrument_id=NIFTY2221717500CE;current_datetime=2022-02-14 16:16:17.863024;initiation_time=957910.142515083;exchange=NFO;
INFO|Broker->place_market_order||2022-02-14 | 16:03:35.108986 |status=Exception;e=Broker.place_market_order() missing 2 required positional arguments: 'buy_sell' and 'quantity';
INFO|Broker->get_fno_instrument_id||2022-02-14 | 16:03:35.108986 |status=Called;args=();broker_for=trade;strike=17500;underlying=NIFTY;call_put=CE;expiry_datetime=2022-02-17 15:30:00;
INFO|Broker->get_fno_instrument_id||2022-02-14 | 16:03:35.108986 |result=NIFTY2221717500CE;status=End;execution_time=14.465625;
INFO|Broker->get_ltp||2022-02-14 | 16:03:35.108986 |status=Called;args=();instrument_id=NIFTY2221717500CE;current_datetime=2022-02-14 16:16:28.669946;initiation_time=957920.949904916;exchange=NFO;
INFO|Broker->get_ltp||2022-02-14 | 16:03:35.108986 |result=8.6;status=End;execution_time=87.618417;
INFO|Broker->get_fno_instrument_id||2022-02-14 | 16:03:35.108986 |status=Called;args=();broker_for=trade;strike=17500;underlying=NIFTY;call_put=CE;expiry_datetime=2022-02-17 15:30:00;
INFO|Broker->get_fno_instrument_id||2022-02-14 | 16:03:35.108986 |result=NIFTY2221717500CE;status=End;execution_time=15.411542;
INFO|Broker->get_ltp||2022-02-14 | 16:03:35.108986 |status=Called;args=();instrument_id=NIFTY2221717500CE;current_datetime=2022-02-14 16:16:42.033165;initiation_time=957934.313708166;exchange=NFO;
INFO|Broker->get_ltp||2022-02-14 | 16:03:35.108986 |status=Exception;e=HTTPSConnectionPool(host='api.kite.trade', port=443): Max retries exceeded with url: /quote/ltp?i=NFO%3ANIFTY2221717500CE (Caused by NewConnectionError('<urllib3.connection.HTTPSConnection object at 0x132e7c7f0>: Failed to establish a new connection: [Errno 8] nodename nor servname provided, or not known'));
INFO|Broker->get_fno_instrument_id||2022-02-14 | 16:03:35.108986 |status=Called;args=();broker_for=trade;strike=17500;underlying=NIFTY;call_put=CE;expiry_datetime=2022-02-17 15:30:00;
INFO|Broker->get_fno_instrument_id||2022-02-14 | 16:03:35.108986 |result=NIFTY2221717500CE;status=End;execution_time=10.950417;
INFO|Broker->get_fno_instrument_id||2022-02-14 | 16:03:35.108986 |status=Called;args=();broker_for=trade;strike=17400;underlying=NIFTY;call_put=CE;expiry_datetime=2022-02-17 15:30:00;
INFO|Broker->get_fno_instrument_id||2022-02-14 | 16:03:35.108986 |result=NIFTY2221717400CE;status=End;execution_time=9.702;
INFO|Broker->get_fno_instrument_id||2022-02-14 | 16:03:35.108986 |status=Called;args=();broker_for=trade;strike=17500;underlying=NIFTY;call_put=CE;expiry_datetime=2022-02-17 15:30:00;
INFO|Broker->get_fno_instrument_id||2022-02-14 | 16:03:35.108986 |result=NIFTY2221717500CE;status=End;execution_time=10.852417;
INFO|Broker->get_fno_instrument_id||2022-02-14 | 16:03:35.108986 |status=Called;args=();broker_for=trade;strike=17400;underlying=NIFTY;call_put=CE;expiry_datetime=2022-02-17 15:30:00;
INFO|Broker->get_fno_instrument_id||2022-02-14 | 16:03:35.108986 |result=NIFTY2221717400CE;status=End;execution_time=10.405584;
INFO|Broker->get_fno_instrument_id||2022-02-14 | 16:03:35.108986 |status=Called;args=();broker_for=trade;strike=17500;underlying=NIFTY;call_put=CE;expiry_datetime=2022-02-17 15:30:00;
INFO|Broker->get_fno_instrument_id||2022-02-14 | 16:03:35.108986 |result=NIFTY2221717500CE;status=End;execution_time=13.165375;
INFO|Broker->get_fno_instrument_id||2022-02-14 | 16:03:35.108986 |status=Called;args=();broker_for=trade;strike=17400;underlying=NIFTY;call_put=CE;expiry_datetime=2022-02-17 15:30:00;
INFO|Broker->get_fno_instrument_id||2022-02-14 | 16:03:35.108986 |result=NIFTY2221717400CE;status=End;execution_time=11.407333;
INFO|Broker->get_multiple_ltp||2022-02-14 | 16:03:35.108986 |status=Called;args=();instrument_df={"instrument_id":{"0":"NIFTY2221717500CE","1":"NIFTY2221717400CE"}};current_datetime=2022-02-14 16:19:58.531008;initiation_time=958130.820086708;exchange=NFO;
INFO|Broker->get_multiple_ltp||2022-02-14 | 16:03:35.108986 |status=Exception;e=Broker.get_multiple_ltp() got an unexpected keyword argument 'instrument_df';
INFO|Broker->get_fno_instrument_id||2022-02-14 | 16:03:35.108986 |status=Called;args=();broker_for=trade;strike=17500;underlying=NIFTY;call_put=CE;expiry_datetime=2022-02-17 15:30:00;
INFO|Broker->get_fno_instrument_id||2022-02-14 | 16:03:35.108986 |result=NIFTY2221717500CE;status=End;execution_time=11.785542;
INFO|Broker->get_fno_instrument_id||2022-02-14 | 16:03:35.108986 |status=Called;args=();broker_for=trade;strike=17400;underlying=NIFTY;call_put=CE;expiry_datetime=2022-02-17 15:30:00;
INFO|Broker->get_fno_instrument_id||2022-02-14 | 16:03:35.108986 |result=NIFTY2221717400CE;status=End;execution_time=9.617084;
INFO|Broker->get_multiple_ltp||2022-02-14 | 16:03:35.108986 |status=Called;args=();instruments_df={"instrument_id":{"0":"NIFTY2221717500CE","1":"NIFTY2221717400CE"}};current_datetime=2022-02-14 16:20:26.878230;initiation_time=958159.168541166;exchange=NFO;
INFO|Broker->get_multiple_ltp||2022-02-14 | 16:03:35.108986 |status=Exception;e='instrument_id_data';
INFO|Broker->get_fno_instrument_id||2022-02-14 | 16:03:35.108986 |status=Called;args=();broker_for=trade;strike=17500;underlying=NIFTY;call_put=CE;expiry_datetime=2022-02-17 15:30:00;
INFO|Broker->get_fno_instrument_id||2022-02-14 | 16:03:35.108986 |result=NIFTY2221717500CE;status=End;execution_time=11.578291;
INFO|Broker->get_fno_instrument_id||2022-02-14 | 16:03:35.108986 |status=Called;args=();broker_for=trade;strike=17400;underlying=NIFTY;call_put=CE;expiry_datetime=2022-02-17 15:30:00;
INFO|Broker->get_fno_instrument_id||2022-02-14 | 16:03:35.108986 |result=NIFTY2221717400CE;status=End;execution_time=9.90425;
INFO|Broker->get_multiple_ltp||2022-02-14 | 16:03:35.108986 |status=Called;args=();instruments_df={"instrument_id_data":{"0":"NIFTY2221717500CE","1":"NIFTY2221717400CE"}};current_datetime=2022-02-14 16:20:52.315645;initiation_time=958184.607057166;exchange=NFO;
INFO|Broker->get_multiple_ltp||2022-02-14 | 16:03:35.108986 |result={"0":8.6,"1":13.2};status=End;execution_time=117.230833;
INFO|Broker->get_fno_instrument_id||2022-02-14 | 16:03:35.108986 |status=Called;args=();broker_for=trade;strike=17500;underlying=NIFTY;call_put=CE;expiry_datetime=2022-02-17 15:30:00;
INFO|Broker->get_fno_instrument_id||2022-02-14 | 16:03:35.108986 |result=NIFTY2221717500CE;status=End;execution_time=10.593625;
INFO|Broker->get_fno_instrument_id||2022-02-14 | 16:03:35.108986 |status=Called;args=();broker_for=trade;strike=17400;underlying=NIFTY;call_put=CE;expiry_datetime=2022-02-17 15:30:00;
INFO|Broker->get_fno_instrument_id||2022-02-14 | 16:03:35.108986 |result=NIFTY2221717400CE;status=End;execution_time=10.364666;
INFO|Broker->get_multiple_ltp||2022-02-14 | 16:03:35.108986 |status=Called;args=();instruments_df={"instrument_id_data":{"0":"NIFTY2221717500CE","1":"NIFTY2221717400CE"}};current_datetime=2022-02-14 16:21:13.560927;initiation_time=958205.85326725;exchange=NFO;
INFO|Broker->get_multiple_ltp||2022-02-14 | 16:03:35.108986 |status=Exception;e=HTTPSConnectionPool(host='api.kite.trade', port=443): Max retries exceeded with url: /quote/ltp?i=NFO%3ANIFTY2221717500CE&i=NFO%3ANIFTY2221717400CE (Caused by NewConnectionError('<urllib3.connection.HTTPSConnection object at 0x132e661a0>: Failed to establish a new connection: [Errno 8] nodename nor servname provided, or not known'));
INFO|Broker->get_fno_instrument_id||2022-02-14 | 16:03:35.108986 |status=Called;args=();broker_for=trade;strike=17500;underlying=NIFTY;call_put=CE;expiry_datetime=2022-02-17 15:30:00;
INFO|Broker->get_fno_instrument_id||2022-02-14 | 16:03:35.108986 |result=NIFTY2221717500CE;status=End;execution_time=15.124291;
INFO|Broker->get_fno_instrument_id||2022-02-14 | 16:03:35.108986 |status=Called;args=();broker_for=trade;strike=17400;underlying=NIFTY;call_put=CE;expiry_datetime=2022-02-17 15:30:00;
INFO|Broker->get_fno_instrument_id||2022-02-14 | 16:03:35.108986 |result=NIFTY2221717400CE;status=End;execution_time=11.629875;
INFO|Broker->get_multiple_ltp||2022-02-14 | 16:03:35.108986 |status=Called;args=();instruments_df={"instrument_id_data":{"0":"NIFTY2221717500CE","1":"NIFTY2221717400CE"}};current_datetime=2022-02-14 16:21:52.680416;initiation_time=958244.974479333;exchange=NFO;
INFO|Broker->get_multiple_ltp||2022-02-14 | 16:03:35.108986 |result={"0":8.6,"1":13.2};status=End;execution_time=100.403333;
INFO|Broker->get_fno_instrument_id||2022-02-14 | 16:03:35.108986 |status=Called;args=();broker_for=trade;strike=17500;underlying=NIFTY;call_put=CE;expiry_datetime=2022-02-17 15:30:00;
INFO|Broker->get_fno_instrument_id||2022-02-14 | 16:03:35.108986 |result=NIFTY2221717500CE;status=End;execution_time=12.610916;
INFO|Broker->get_fno_instrument_id||2022-02-14 | 16:03:35.108986 |status=Called;args=();broker_for=trade;strike=17400;underlying=NIFTY;call_put=CE;expiry_datetime=2022-02-17 15:30:00;
INFO|Broker->get_fno_instrument_id||2022-02-14 | 16:03:35.108986 |result=NIFTY2221717400CE;status=End;execution_time=11.77425;
INFO|Broker->get_multiple_ltp||2022-02-14 | 16:03:35.108986 |status=Called;args=();instruments_df={"instrument_id_data":{"0":"NIFTY2221717500CE","1":"NIFTY2221717400CE"}};current_datetime=2022-02-14 16:21:57.509663;initiation_time=958249.803935666;exchange=NFO;
INFO|Broker->get_multiple_ltp||2022-02-14 | 16:03:35.108986 |status=Exception;e=HTTPSConnectionPool(host='api.kite.trade', port=443): Max retries exceeded with url: /quote/ltp?i=NFO%3ANIFTY2221717500CE&i=NFO%3ANIFTY2221717400CE (Caused by NewConnectionError('<urllib3.connection.HTTPSConnection object at 0x132e66a70>: Failed to establish a new connection: [Errno 8] nodename nor servname provided, or not known'));
INFO|Broker->get_fno_instrument_id||2022-02-14 | 16:03:35.108986 |status=Called;args=();broker_for=trade;strike=17500;underlying=NIFTY;call_put=CE;expiry_datetime=2022-02-17 15:30:00;
INFO|Broker->get_fno_instrument_id||2022-02-14 | 16:03:35.108986 |result=NIFTY2221717500CE;status=End;execution_time=12.765708;
INFO|Broker->get_fno_instrument_id||2022-02-14 | 16:03:35.108986 |status=Called;args=();broker_for=trade;strike=17400;underlying=NIFTY;call_put=CE;expiry_datetime=2022-02-17 15:30:00;
INFO|Broker->get_fno_instrument_id||2022-02-14 | 16:03:35.108986 |result=NIFTY2221717400CE;status=End;execution_time=11.802834;
INFO|Broker->get_positions||2022-02-14 | 16:03:35.108986 |status=Called;args=();current_datetime=2022-02-14 16:24:09.972869;
INFO|Broker->get_positions||2022-02-14 | 16:03:35.108986 |result={};status=End;execution_time=101.490791;
INFO|Broker->get_fno_instrument_id||2022-02-14 | 16:03:35.108986 |status=Called;args=();broker_for=trade;strike=17500;underlying=NIFTY;call_put=CE;expiry_datetime=2022-02-17 15:30:00;
INFO|Broker->get_fno_instrument_id||2022-02-14 | 16:03:35.108986 |result=NIFTY2221717500CE;status=End;execution_time=12.813708;
INFO|Broker->get_fno_instrument_id||2022-02-14 | 16:03:35.108986 |status=Called;args=();broker_for=trade;strike=17400;underlying=NIFTY;call_put=CE;expiry_datetime=2022-02-17 15:30:00;
INFO|Broker->get_fno_instrument_id||2022-02-14 | 16:03:35.108986 |result=NIFTY2221717400CE;status=End;execution_time=11.081209;
INFO|Broker->get_positions||2022-02-14 | 16:03:35.108986 |status=Called;args=();current_datetime=2022-02-14 16:24:14.783677;
INFO|Broker->get_positions||2022-02-14 | 16:03:35.108986 |result={};status=End;execution_time=82.456542;
INFO|Broker->get_fno_instrument_id||2022-02-14 | 16:03:35.108986 |status=Called;args=();broker_for=trade;strike=17500;underlying=NIFTY;call_put=CE;expiry_datetime=2022-02-17 15:30:00;
INFO|Broker->get_fno_instrument_id||2022-02-14 | 16:03:35.108986 |result=NIFTY2221717500CE;status=End;execution_time=13.113084;
INFO|Broker->get_fno_instrument_id||2022-02-14 | 16:03:35.108986 |status=Called;args=();broker_for=trade;strike=17400;underlying=NIFTY;call_put=CE;expiry_datetime=2022-02-17 15:30:00;
INFO|Broker->get_fno_instrument_id||2022-02-14 | 16:03:35.108986 |result=NIFTY2221717400CE;status=End;execution_time=9.762584;
INFO|Broker->get_positions||2022-02-14 | 16:03:35.108986 |status=Called;args=();current_datetime=2022-02-14 16:24:18.054156;
INFO|Broker->get_positions||2022-02-14 | 16:03:35.108986 |result={};status=End;execution_time=99.180042;
INFO|Broker->get_fno_instrument_id||2022-02-14 | 16:03:35.108986 |status=Called;args=();broker_for=trade;strike=17500;underlying=NIFTY;call_put=CE;expiry_datetime=2022-02-17 15:30:00;
INFO|Broker->get_fno_instrument_id||2022-02-14 | 16:03:35.108986 |result=NIFTY2221717500CE;status=End;execution_time=12.907417;
INFO|Broker->get_fno_instrument_id||2022-02-14 | 16:03:35.108986 |status=Called;args=();broker_for=trade;strike=17400;underlying=NIFTY;call_put=CE;expiry_datetime=2022-02-17 15:30:00;
INFO|Broker->get_fno_instrument_id||2022-02-14 | 16:03:35.108986 |result=NIFTY2221717400CE;status=End;execution_time=11.550541;
INFO|Broker->get_positions||2022-02-14 | 16:03:35.108986 |status=Called;args=();current_datetime=2022-02-14 16:24:28.489998;
INFO|Broker->get_positions||2022-02-14 | 16:03:35.108986 |status=Exception;e=HTTPSConnectionPool(host='api.kite.trade', port=443): Max retries exceeded with url: /portfolio/positions (Caused by NewConnectionError('<urllib3.connection.HTTPSConnection object at 0x132e7c3a0>: Failed to establish a new connection: [Errno 8] nodename nor servname provided, or not known'));
INFO|Broker->get_fno_instrument_id||2022-02-14 | 16:03:35.108986 |status=Called;args=();broker_for=trade;strike=17500;underlying=NIFTY;call_put=CE;expiry_datetime=2022-02-17 15:30:00;
INFO|Broker->get_fno_instrument_id||2022-02-14 | 16:03:35.108986 |result=NIFTY2221717500CE;status=End;execution_time=12.776833;
INFO|Broker->get_fno_instrument_id||2022-02-14 | 16:03:35.108986 |status=Called;args=();broker_for=trade;strike=17400;underlying=NIFTY;call_put=CE;expiry_datetime=2022-02-17 15:30:00;
INFO|Broker->get_fno_instrument_id||2022-02-14 | 16:03:35.108986 |result=NIFTY2221717400CE;status=End;execution_time=13.0135;
INFO|Broker->get_pnl||2022-02-14 | 16:03:35.108986 |status=Called;args=();current_datetime=2022-02-14 16:25:34.224589;initiation_time=958466.536075708;
INFO|Broker->get_pnl||2022-02-14 | 16:03:35.108986 |result=0;status=End;execution_time=352.854875;
INFO|Broker->get_fno_instrument_id||2022-02-14 | 16:03:35.108986 |status=Called;args=();broker_for=trade;strike=17500;underlying=NIFTY;call_put=CE;expiry_datetime=2022-02-17 15:30:00;
INFO|Broker->get_fno_instrument_id||2022-02-14 | 16:03:35.108986 |result=NIFTY2221717500CE;status=End;execution_time=13.538709;
INFO|Broker->get_fno_instrument_id||2022-02-14 | 16:03:35.108986 |status=Called;args=();broker_for=trade;strike=17400;underlying=NIFTY;call_put=CE;expiry_datetime=2022-02-17 15:30:00;
INFO|Broker->get_fno_instrument_id||2022-02-14 | 16:03:35.108986 |result=NIFTY2221717400CE;status=End;execution_time=9.92975;
INFO|Broker->get_pnl||2022-02-14 | 16:03:35.108986 |status=Called;args=();current_datetime=2022-02-14 16:25:42.284305;initiation_time=958474.596134875;
INFO|Broker->get_pnl||2022-02-14 | 16:03:35.108986 |status=Exception;e=HTTPSConnectionPool(host='api.kite.trade', port=443): Max retries exceeded with url: /portfolio/positions (Caused by NewConnectionError('<urllib3.connection.HTTPSConnection object at 0x132e7feb0>: Failed to establish a new connection: [Errno 8] nodename nor servname provided, or not known'));
INFO|Broker->get_fno_instrument_id||2022-02-14 | 16:03:35.108986 |status=Called;args=();broker_for=trade;strike=17500;underlying=NIFTY;call_put=CE;expiry_datetime=2022-02-17 15:30:00;
INFO|Broker->get_fno_instrument_id||2022-02-14 | 16:03:35.108986 |result=NIFTY2221717500CE;status=End;execution_time=12.387166;
INFO|Broker->get_fno_instrument_id||2022-02-14 | 16:03:35.108986 |status=Called;args=();broker_for=trade;strike=17400;underlying=NIFTY;call_put=CE;expiry_datetime=2022-02-17 15:30:00;
INFO|Broker->get_fno_instrument_id||2022-02-14 | 16:03:35.108986 |result=NIFTY2221717400CE;status=End;execution_time=11.3335;
INFO|Broker->is_order_complete||2022-02-14 | 16:03:35.108986 |status=Called;args=();broker_order_id=NIFTY2221717500CE;current_datetime=2022-02-14 16:27:00.854855;
INFO|Broker->is_order_complete||2022-02-14 | 16:03:35.108986 |status=Exception;e=Invalid `order_id`.;
INFO|Broker->get_fno_instrument_id||2022-02-14 | 16:03:35.108986 |status=Called;args=();broker_for=trade;strike=17500;underlying=NIFTY;call_put=CE;expiry_datetime=2022-02-17 15:30:00;
INFO|Broker->get_fno_instrument_id||2022-02-14 | 16:03:35.108986 |result=NIFTY2221717500CE;status=End;execution_time=12.319625;
INFO|Broker->get_fno_instrument_id||2022-02-14 | 16:03:35.108986 |status=Called;args=();broker_for=trade;strike=17400;underlying=NIFTY;call_put=CE;expiry_datetime=2022-02-17 15:30:00;
INFO|Broker->get_fno_instrument_id||2022-02-14 | 16:03:35.108986 |result=NIFTY2221717400CE;status=End;execution_time=11.143208;
INFO|Broker->is_order_complete||2022-02-14 | 16:03:35.108986 |status=Called;args=();broker_order_id=NIFTY2221717500CE;current_datetime=2022-02-14 16:27:11.352026;
INFO|Broker->is_order_complete||2022-02-14 | 16:03:35.108986 |status=Exception;e=HTTPSConnectionPool(host='api.kite.trade', port=443): Max retries exceeded with url: /orders/NIFTY2221717500CE (Caused by NewConnectionError('<urllib3.connection.HTTPSConnection object at 0x132e7f220>: Failed to establish a new connection: [Errno 8] nodename nor servname provided, or not known'));
INFO|Broker->get_fno_instrument_id||2022-02-14 | 16:03:35.108986 |status=Called;args=();broker_for=trade;strike=17500;underlying=NIFTY;call_put=CE;expiry_datetime=2022-02-17 15:30:00;
INFO|Broker->get_fno_instrument_id||2022-02-14 | 16:03:35.108986 |result=NIFTY2221717500CE;status=End;execution_time=14.181792;
INFO|Broker->get_fno_instrument_id||2022-02-14 | 16:03:35.108986 |status=Called;args=();broker_for=trade;strike=17500;underlying=NIFTY;call_put=CE;expiry_datetime=2022-02-17 15:30:00;
INFO|Broker->get_fno_instrument_id||2022-02-14 | 16:03:35.108986 |result=NIFTY2221717500CE;status=End;execution_time=12.12475;
INFO|Broker->get_fno_instrument_id||2022-02-14 | 16:03:35.108986 |status=Called;args=();broker_for=trade;strike=17400;underlying=NIFTY;call_put=CE;expiry_datetime=2022-02-17 15:30:00;
INFO|Broker->get_fno_instrument_id||2022-02-14 | 16:03:35.108986 |result=NIFTY2221717400CE;status=End;execution_time=10.026083;
INFO|Broker->get_pnl||2022-02-14 | 16:03:35.108986 |status=Called;args=();current_datetime=2022-02-14 16:53:20.852361;initiation_time=960133.206286375;
INFO|Broker->get_pnl||2022-02-14 | 16:03:35.108986 |result=0;status=End;execution_time=118.463792;
INFO|Broker->get_fno_instrument_id||2022-02-14 | 16:03:35.108986 |status=Called;args=();broker_for=trade;strike=17500;underlying=NIFTY;call_put=CE;expiry_datetime=2022-02-17 15:30:00;
INFO|Broker->get_fno_instrument_id||2022-02-14 | 16:03:35.108986 |result=NIFTY2221717500CE;status=End;execution_time=16.133958;
INFO|Broker->get_fno_instrument_id||2022-02-14 | 16:03:35.108986 |status=Called;args=();broker_for=trade;strike=17500;underlying=NIFTY;call_put=CE;expiry_datetime=2022-02-17 15:30:00;
INFO|Broker->get_fno_instrument_id||2022-02-14 | 16:03:35.108986 |result=NIFTY2221717500CE;status=End;execution_time=14.469125;
INFO|Broker->get_fno_instrument_id||2022-02-14 | 16:03:35.108986 |status=Called;args=();broker_for=trade;strike=17400;underlying=NIFTY;call_put=CE;expiry_datetime=2022-02-17 15:30:00;
INFO|Broker->get_fno_instrument_id||2022-02-14 | 16:03:35.108986 |result=NIFTY2221717400CE;status=End;execution_time=9.616166;
INFO|Broker->get_pnl||2022-02-14 | 16:03:35.108986 |status=Called;args=();current_datetime=2022-02-14 16:53:49.766699;initiation_time=960162.121786791;
INFO|Broker->get_pnl||2022-02-14 | 16:03:35.108986 |status=Exception;e=HTTPSConnectionPool(host='api.kite.trade', port=443): Max retries exceeded with url: /portfolio/positions (Caused by NewConnectionError('<urllib3.connection.HTTPSConnection object at 0x132e66380>: Failed to establish a new connection: [Errno 8] nodename nor servname provided, or not known'));
